üîç Running @ruvector/flow initialization checks...

1/6 Checking native bindings...
  ‚úì Native Bindings (NAPI-RS)
    ‚Ä¢ Found: /home/user/ruvector/packages/ruvector-flow/native/ruvector.linux-x64.node
    ‚Ä¢ ‚úì createCollection() available
    ‚Ä¢ ‚úì insert() available
    ‚Ä¢ ‚úì search() available
    ‚Ä¢ ‚úì SIMD support: true
    ‚Ä¢ ‚úì Performance: {"platform":"linux","arch":"x64","simd":true}

2/6 Checking WASM fallback...
  ‚úì WASM Fallback
    ‚Ä¢ Found: /home/user/ruvector/packages/ruvector-flow/wasm/ruvector_bg.wasm
    ‚Ä¢ Size: 2.34 MB
    ‚Ä¢ ‚úì SIMD support detected (better performance)
    ‚Ä¢ ‚úì 45 exports found
    ‚Ä¢ ‚úì 5/5 vector operations available
    ‚Ä¢ ‚úì Memory: 16 pages (1024 KB)

3/6 Validating skills...
  ‚úì Skills (14 files)
    ‚Ä¢ Found 14 skill file(s)
    ‚Ä¢ Valid: 14/14
    ‚Ä¢ ‚úì All skills valid

4/6 Validating agents...
  ‚úì Agents (10 files)
    ‚Ä¢ Found 10 agent file(s)
    ‚Ä¢ Valid: 10/10
    ‚Ä¢ ‚úì All agents valid

5/6 Validating commands...
  ‚úì Commands (13 files)
    ‚Ä¢ Found 13 command file(s)
    ‚Ä¢ Valid: 13/13
    ‚Ä¢ ‚úì All commands valid

6/6 Checking MCP server...
  ‚úì MCP Server (111+ tools)
    ‚Ä¢ STDIO Transport: ‚úì
    ‚Ä¢   Found 115 tools
    ‚Ä¢ SSE Transport: ‚úì
    ‚Ä¢ Registered Tools: 115/111
    ‚Ä¢   coordination: 4/4 tools
    ‚Ä¢   monitoring: 5/5 tools
    ‚Ä¢   memory: 4/4 tools
    ‚Ä¢   neural: 4/4 tools
    ‚Ä¢   github: 5/5 tools
    ‚Ä¢   system: 4/4 tools
    ‚Ä¢ Tool Execution: ‚úì
    ‚Ä¢ ‚úì MCP server fully operational

============================================================
‚úì All checks passed!
============================================================
Validation completed in 1234ms
6/6 checks passed (100%)
============================================================


================================================================================
EXAMPLE: PARTIAL FAILURE OUTPUT
================================================================================

üîç Running @ruvector/flow initialization checks...

1/6 Checking native bindings...
  ‚úó Native Bindings (NAPI-RS)
    Native .node file not found
    ‚Ä¢ Expected: packages/ruvector-flow/native/
    ‚Ä¢ Build native bindings with: npm run build:native
    ‚ö† Will fallback to WASM if available

2/6 Checking WASM fallback...
  ‚úì WASM Fallback
    ‚Ä¢ Found: /home/user/ruvector/packages/ruvector-flow/wasm/ruvector_bg.wasm
    ‚Ä¢ Size: 2.34 MB
    ‚Ä¢ ‚óã No SIMD support (will use fallback)
    ‚ö† SIMD not available
    ‚Ä¢ ‚úì 45 exports found
    ‚Ä¢ ‚úì 5/5 vector operations available

3/6 Validating skills...
  ‚úó Skills (14 files)
    ‚Ä¢ Found 12 skill file(s)
    ‚Ä¢ Valid: 10/14
    ‚ö† Missing: agentdb-advanced.md
    ‚ö† Missing: flow-nexus-neural.md
    ‚ö† agentdb-learning: Missing Description section

    Validation errors:
      agentdb-learning: Missing Description section
      github-code-review: Content too short (< 200 chars)

4/6 Validating agents...
  ‚úì Agents (10 files)
    ‚Ä¢ Found 10 agent file(s)
    ‚Ä¢ Valid: 10/10
    ‚Ä¢ ‚úì All agents valid

5/6 Validating commands...
  ‚úó Commands (13 files)
    ‚Ä¢ Found 11 command file(s)
    ‚Ä¢ Valid: 9/13
    ‚ö† Missing: deploy.md
    ‚ö† Missing: monitor.md
    ‚ö† init: Missing Examples

    Validation errors:
      init: Missing Examples
      swarm: Missing Options/Parameters section

6/6 Checking MCP server...
  ‚úó MCP Server (111+ tools)
    ‚Ä¢ STDIO Transport: ‚úó
    ‚ö† STDIO: Connection timeout
    ‚Ä¢ SSE Transport: ‚úó
    ‚ö† SSE: SSE endpoint not available
    ‚Ä¢ Registered Tools: 95/111
    ‚Ä¢   coordination: 4/4 tools
    ‚Ä¢   monitoring: 3/5 tools
    ‚Ä¢   memory: 4/4 tools
    ‚Ä¢   neural: 4/4 tools
    ‚Ä¢   github: 5/5 tools
    ‚Ä¢   system: 4/4 tools
    ‚ö† monitoring: Missing task_status, task_results
    ‚Ä¢ Tool Execution: ‚úó
    ‚ö† Execution: Tool not found
    MCP server has issues

============================================================
‚úó Some checks failed
============================================================
Validation completed in 2456ms
3/6 checks passed (50%)
4 check(s) failed
12 warning(s) detected
============================================================

Failed checks:
  ‚Ä¢ Native Bindings (NAPI-RS): Native .node file not found
  ‚Ä¢ Skills (14 files): Missing 2 skill file(s)
  ‚Ä¢ Commands (13 files): Missing 2 command file(s)
  ‚Ä¢ MCP Server (111+ tools): MCP server has issues

Warnings:
  ‚ö† Native Bindings (NAPI-RS): Will fallback to WASM if available
  ‚ö† WASM Fallback: SIMD not available
  ‚ö† Skills (14 files): Missing: agentdb-advanced.md
  ‚ö† Skills (14 files): Missing: flow-nexus-neural.md
  ‚ö† Skills (14 files): agentdb-learning: Missing Description section
  ‚ö† Commands (13 files): Missing: deploy.md
  ‚ö† Commands (13 files): Missing: monitor.md
  ‚ö† Commands (13 files): init: Missing Examples
  ‚ö† MCP Server (111+ tools): STDIO: Connection timeout
  ‚ö† MCP Server (111+ tools): SSE: SSE endpoint not available
  ‚ö† MCP Server (111+ tools): Only 95 tools registered (expected 111+)
  ‚ö† MCP Server (111+ tools): monitoring: Missing task_status, task_results
  ‚ö† MCP Server (111+ tools): Execution: Tool not found


================================================================================
EXAMPLE: CRITICAL FAILURE OUTPUT
================================================================================

üîç Running @ruvector/flow initialization checks...

1/6 Checking native bindings...
  ‚úó Native Bindings (NAPI-RS)
    Native directory not found
    ‚Ä¢ Expected: packages/ruvector-flow/native/

2/6 Checking WASM fallback...
  ‚úó WASM Fallback
    WASM directory not found
    ‚Ä¢ Expected: packages/ruvector-flow/wasm/
    ‚ö† No fallback available if native bindings fail

3/6 Validating skills...
  ‚úó Skills (14 files)
    Skills directory not found
    ‚Ä¢ Expected: packages/ruvector-flow/init/skills/

4/6 Validating agents...
  ‚úó Agents (10 files)
    Agents directory not found
    ‚Ä¢ Expected: packages/ruvector-flow/init/agents/

5/6 Validating commands...
  ‚úó Commands (13 files)
    Commands directory not found
    ‚Ä¢ Expected: packages/ruvector-flow/init/commands/

6/6 Checking MCP server...
  ‚úó MCP Server (111+ tools)
    ‚Ä¢ STDIO Transport: ‚úó
    ‚ö† STDIO: Failed to spawn MCP server
    ‚Ä¢ SSE Transport: ‚úó
    ‚ö† SSE: SSE endpoint not available
    ‚Ä¢ Registered Tools: 0/111
    ‚Ä¢   coordination: 0/4 tools
    ‚Ä¢   monitoring: 0/5 tools
    ‚Ä¢   memory: 0/4 tools
    ‚Ä¢   neural: 0/4 tools
    ‚Ä¢   github: 0/5 tools
    ‚Ä¢   system: 0/4 tools
    ‚ö† coordination: Missing swarm_init, agent_spawn, task_orchestrate, topology_configure
    ‚ö† monitoring: Missing swarm_status, agent_list, agent_metrics, task_status, task_results
    ‚ö† memory: Missing memory_usage, memory_store, memory_retrieve, memory_search
    ‚ö† neural: Missing neural_status, neural_train, neural_patterns, neural_predict
    ‚ö† github: Missing github_swarm, repo_analyze, pr_enhance, issue_triage, code_review
    ‚ö† system: Missing benchmark_run, features_detect, swarm_monitor, performance_report
    ‚Ä¢ Tool Execution: ‚úó
    ‚ö† Execution: No tools available
    Missing tools (0/111)

============================================================
‚úó Some checks failed
============================================================
Validation completed in 3891ms
0/6 checks passed (0%)
6 check(s) failed
24 warning(s) detected
============================================================

Failed checks:
  ‚Ä¢ Native Bindings (NAPI-RS): Native directory not found
  ‚Ä¢ WASM Fallback: WASM directory not found
  ‚Ä¢ Skills (14 files): Skills directory not found
  ‚Ä¢ Agents (10 files): Agents directory not found
  ‚Ä¢ Commands (13 files): Commands directory not found
  ‚Ä¢ MCP Server (111+ tools): Missing tools (0/111)

Warnings:
  ‚ö† WASM Fallback: No fallback available if native bindings fail
  ‚ö† MCP Server (111+ tools): STDIO: Failed to spawn MCP server
  ‚ö† MCP Server (111+ tools): SSE: SSE endpoint not available
  ‚ö† MCP Server (111+ tools): Only 0 tools registered (expected 111+)
  [... 20+ more warnings ...]

ERROR: Package is not properly configured. Please run:
  npm run build
  npm run setup
